Wed Apr 02 22:45:36 EDT 2014  [debug] AvalonLogSystem initialized using logfile 'velocity.log'
Wed Apr 02 22:45:36 EDT 2014   [info] ************************************************************** 
Wed Apr 02 22:45:36 EDT 2014   [info] Starting Jakarta Velocity v1.4
Wed Apr 02 22:45:36 EDT 2014   [info] RuntimeInstance initializing.
Wed Apr 02 22:45:36 EDT 2014   [info] Default Properties File: org/apache/velocity/runtime/defaults/velocity.properties
Wed Apr 02 22:45:36 EDT 2014   [info] Trying to use logger class org.apache.velocity.runtime.log.AvalonLogSystem
Wed Apr 02 22:45:36 EDT 2014   [info] Using logger class org.apache.velocity.runtime.log.AvalonLogSystem
Wed Apr 02 22:45:36 EDT 2014   [info] Default ResourceManager initializing. (class org.apache.velocity.runtime.resource.ResourceManagerImpl)
Wed Apr 02 22:45:36 EDT 2014   [info] Resource Loader Instantiated: org.apache.velocity.runtime.resource.loader.FileResourceLoader
Wed Apr 02 22:45:36 EDT 2014   [info] FileResourceLoader : initialization starting.
Wed Apr 02 22:45:36 EDT 2014   [info] FileResourceLoader : adding path '/opt/altera/quartus-13.1/ip/altera/fft/lib//template'
Wed Apr 02 22:45:36 EDT 2014   [info] FileResourceLoader : adding path '.'
Wed Apr 02 22:45:36 EDT 2014   [info] FileResourceLoader : initialization complete.
Wed Apr 02 22:45:36 EDT 2014   [info] Resource Loader Instantiated: org.apache.velocity.runtime.resource.loader.JarResourceLoader
Wed Apr 02 22:45:36 EDT 2014   [info] JarResourceLoader : initialization starting.
Wed Apr 02 22:45:36 EDT 2014   [info] JarResourceLoader # of paths : 0
Wed Apr 02 22:45:36 EDT 2014   [info] JarResourceLoader : initialization complete.
Wed Apr 02 22:45:36 EDT 2014   [info] Resource Loader Instantiated: org.apache.velocity.runtime.resource.loader.ClasspathResourceLoader
Wed Apr 02 22:45:36 EDT 2014   [info] ClasspathResourceLoader : initialization starting.
Wed Apr 02 22:45:36 EDT 2014   [info] ClasspathResourceLoader : initialization complete.
Wed Apr 02 22:45:36 EDT 2014   [info] ResourceCache : initialized. (class org.apache.velocity.runtime.resource.ResourceCacheImpl)
Wed Apr 02 22:45:36 EDT 2014   [info] Default ResourceManager initialization complete.
Wed Apr 02 22:45:36 EDT 2014   [info] Loaded System Directive: org.apache.velocity.runtime.directive.Literal
Wed Apr 02 22:45:36 EDT 2014   [info] Loaded System Directive: org.apache.velocity.runtime.directive.Macro
Wed Apr 02 22:45:36 EDT 2014   [info] Loaded System Directive: org.apache.velocity.runtime.directive.Parse
Wed Apr 02 22:45:36 EDT 2014   [info] Loaded System Directive: org.apache.velocity.runtime.directive.Include
Wed Apr 02 22:45:36 EDT 2014   [info] Loaded System Directive: org.apache.velocity.runtime.directive.Foreach
Wed Apr 02 22:45:36 EDT 2014   [info] Created: 20 parsers.
Wed Apr 02 22:45:36 EDT 2014   [info] Velocimacro : initialization starting.
Wed Apr 02 22:45:36 EDT 2014   [info] Velocimacro : adding VMs from VM library template : VM_global_library.vm
Wed Apr 02 22:45:36 EDT 2014   [info] Velocimacro : added new VM : #listall( list ) : source = VM_global_library.vm
Wed Apr 02 22:45:36 EDT 2014   [info] Velocimacro : added new VM : #listlist( list ) : source = VM_global_library.vm
Wed Apr 02 22:45:36 EDT 2014   [info] ResourceManager : found VM_global_library.vm with loader org.apache.velocity.runtime.resource.loader.ClasspathResourceLoader
Wed Apr 02 22:45:36 EDT 2014   [info] Velocimacro :  VM library template macro registration complete.
Wed Apr 02 22:45:36 EDT 2014   [info] Velocimacro : allowInline = true : VMs can be defined inline in templates
Wed Apr 02 22:45:36 EDT 2014   [info] Velocimacro : allowInlineToOverride = false : VMs defined inline may NOT replace previous VM definitions
Wed Apr 02 22:45:36 EDT 2014   [info] Velocimacro : allowInlineLocal = false : VMs defined inline will be  global in scope if allowed.
Wed Apr 02 22:45:36 EDT 2014   [info] Velocimacro : messages on  : VM system will output logging messages
Wed Apr 02 22:45:36 EDT 2014   [info] Velocimacro : autoload off  : VM system will not automatically reload global library macros
Wed Apr 02 22:45:36 EDT 2014   [info] Velocimacro : initialization complete.
Wed Apr 02 22:45:36 EDT 2014   [info] Velocity successfully started.
Wed Apr 02 22:45:36 EDT 2014   [info] ResourceManager : found fft_top_vhdl_tb.vm with loader org.apache.velocity.runtime.resource.loader.ClasspathResourceLoader
Wed Apr 02 22:45:36 EDT 2014   [info] ResourceManager : found alt_license.txt with loader org.apache.velocity.runtime.resource.loader.ClasspathResourceLoader
Wed Apr 02 22:45:36 EDT 2014   [info] ResourceManager : found fft_top_verilog_tb.vm with loader org.apache.velocity.runtime.resource.loader.ClasspathResourceLoader
Wed Apr 02 22:45:36 EDT 2014   [info] ResourceManager : found alt_license_verilog.txt with loader org.apache.velocity.runtime.resource.loader.ClasspathResourceLoader
Wed Apr 02 22:45:36 EDT 2014   [info] ResourceManager : found matlab_tb.vm with loader org.apache.velocity.runtime.resource.loader.ClasspathResourceLoader
Wed Apr 02 22:45:36 EDT 2014   [info] ResourceManager : found matlab_model.vm with loader org.apache.velocity.runtime.resource.loader.ClasspathResourceLoader
Wed Apr 02 22:45:36 EDT 2014   [info] ResourceManager : found set_nativelink_tcl.vm with loader org.apache.velocity.runtime.resource.loader.ClasspathResourceLoader
Wed Apr 02 22:45:36 EDT 2014   [info] ResourceManager : found alt_license_tcl.txt with loader org.apache.velocity.runtime.resource.loader.ClasspathResourceLoader
